<?xml version="1.0" encoding="UTF-8"?>
<!-- Generated by org.testng.reporters.JUnitXMLReporter -->
<testsuite ignored="0" hostname="Rietesh" failures="0" tests="4" name="sequential Test" time="0.055" errors="0" timestamp="2022-04-02T11:44:37 IST">
  <testcase classname="multipleTCannotation.LogIn" name="username1" time="0.004"/>
  <testcase classname="multipleTCannotation.LogIn" name="password2" time="0.001"/>
  <testcase classname="multipleTCannotation.LogIn" name="submit3" time="0.001"/>
  <testcase classname="multipleTCannotation.Homepage" name="verify4" time="0.002"/>
</testsuite> <!-- sequential Test -->
