<?xml version="1.0" encoding="UTF-8"?>
<!-- Generated by org.testng.reporters.JUnitXMLReporter -->
<testsuite ignored="0" hostname="Rietesh" failures="1" tests="3" name="listnerTest tag" time="0.06" errors="0" timestamp="2022-04-07T11:50:59 IST">
  <testcase classname="failedtestcaseExecution.ListenersTC" name="testCase1" time="0.01">
    <failure type="java.lang.AssertionError" message="expected [true] but found [false]">
      <![CDATA[java.lang.AssertionError: expected [true] but found [false]
at failedtestcaseExecution.ListenersTC.testCase1(ListenersTC.java:17)
at java.base/java.util.ArrayList.forEach(ArrayList.java:1511)
... Removed 31 stack frames]]>
    </failure>
  </testcase> <!-- testCase1 -->
  <testcase classname="failedtestcaseExecution.ListenersTC" name="testcase2" time="0.001"/>
  <testcase classname="failedtestcaseExecution.ListenersTC" name="testcase3" time="0.0">
    <skipped/>
  </testcase> <!-- testcase3 -->
</testsuite> <!-- listnerTest tag -->
