<?xml version="1.0" encoding="UTF-8"?>
<!-- Generated by org.testng.reporters.JUnitXMLReporter -->
<testsuite ignored="0" hostname="Rietesh" failures="1" tests="1" name="listenerTest 1" time="11.442" errors="0" timestamp="2022-04-08T19:23:57 IST">
  <testcase classname="failedtestcaseExecution.TestListener" name="LoginWithIncorrectData" time="11.006">
    <failure type="java.lang.AssertionError" message="expected [true] but found [false]">
      <![CDATA[java.lang.AssertionError: expected [true] but found [false]
at failedtestcaseExecution.TestListener.LoginWithIncorrectData(TestListener.java:28)
at java.base/java.util.ArrayList.forEach(ArrayList.java:1511)
... Removed 33 stack frames]]>
    </failure>
  </testcase> <!-- LoginWithIncorrectData -->
</testsuite> <!-- listenerTest 1 -->
