<?xml version="1.0" encoding="UTF-8"?>
<!-- Generated by org.testng.reporters.JUnitXMLReporter -->
<testsuite ignored="1" hostname="Rietesh" failures="0" tests="2" name="Test" time="0.143" errors="0" timestamp="2022-05-12T22:22:20 IST">
  <testcase classname="testClasses.BaseTest" name="@BeforeClass creationObject" time="0.049">
    <failure type="java.lang.NullPointerException" message="Cannot invoke &amp;quot;org.openqa.selenium.WebElement.getTagName()&amp;quot; because &amp;quot;element&amp;quot; is null">
      <![CDATA[java.lang.NullPointerException: Cannot invoke "org.openqa.selenium.WebElement.getTagName()" because "element" is null
at org.openqa.selenium.support.ui.Select.<init>(Select.java:46)
at pages.ViewPrices.<init>(ViewPrices.java:16)
at testClasses.BaseTest.creationObject(BaseTest.java:65)
at java.base/java.util.ArrayList.forEach(ArrayList.java:1511)
... Removed 25 stack frames]]>
    </failure>
  </testcase> <!-- @BeforeClass creationObject -->
  <testcase classname="testClasses.BaseTest" name="@BeforeClass creationObject" time="0.003">
    <failure type="java.lang.NullPointerException" message="Cannot invoke &amp;quot;org.openqa.selenium.WebElement.getTagName()&amp;quot; because &amp;quot;element&amp;quot; is null">
      <![CDATA[java.lang.NullPointerException: Cannot invoke "org.openqa.selenium.WebElement.getTagName()" because "element" is null
at org.openqa.selenium.support.ui.Select.<init>(Select.java:46)
at pages.ViewPrices.<init>(ViewPrices.java:16)
at testClasses.BaseTest.creationObject(BaseTest.java:65)
at java.base/java.util.ArrayList.forEach(ArrayList.java:1511)
... Removed 25 stack frames]]>
    </failure>
  </testcase> <!-- @BeforeClass creationObject -->
  <testcase classname="testClasses.Hometest" name="selectInsurance" time="0.0">
    <skipped/>
  </testcase> <!-- selectInsurance -->
  <testcase classname="testClasses.GetQuoteTest" name="submit" time="0.0">
    <skipped/>
  </testcase> <!-- submit -->
  <testcase classname="testClasses.BaseTest" name="@BeforeSuite inthedriver" time="0.0">
    <ignored/>
  </testcase> <!-- @BeforeSuite inthedriver -->
</testsuite> <!-- Test -->
